<?xml version="1.0" encoding="UTF-8"?>
<testsuite name="validate send payment functionality on the eriBank application" tests="1" skipped="0" failures="0" errors="0" timestamp="2022-09-20T21:09:24" hostname="PSOFKA01034" time="45.208">
  <properties/>
  <testcase name="As a user Juan wants to make a payment successfully on the exito application" classname="validate send payment functionality on the eriBank application" time="45.208"/>
  <system-out><![CDATA[]]></system-out>
  <system-err><![CDATA[[Test worker] INFO io.cucumber.core.plugin.SerenityReporter - Running feature from file:///C:/Users/juan.osorio/Documents/juosori/Capacitacion%20moviles/Projects/Exito/src/test/resources/features/MakePayment.feature
[Test worker] INFO  - 
  _____   ___   ___   _____     ___   _____     _     ___   _____   ___   ___  
 |_   _| | __| / __| |_   _|   / __| |_   _|   /_\   | _ \ |_   _| | __| |   \ 
   | |   | _|  \__ \   | |     \__ \   | |    / _ \  |   /   | |   | _|  | |) |
   |_|   |___| |___/   |_|     |___/   |_|   /_/ \_\ |_|_\   |_|   |___| |___/ 

As a user Juan wants to make a payment successfully on the exito application(validate-send-payment-functionality-on-the-eribank-application;as-a-user-juan-wants-to-make-a-payment-successfully-on-the-exito-application)
--------------------------------------------------------------------------------
[Test worker] INFO  - 
  _____   ___   ___   _____     ___     _     ___   ___   ___   ___  
 |_   _| | __| / __| |_   _|   | _ \   /_\   / __| / __| | __| |   \ 
   | |   | _|  \__ \   | |     |  _/  / _ \  \__ \ \__ \ | _|  | |) |
   |_|   |___| |___/   |_|     |_|   /_/ \_\ |___/ |___/ |___| |___/ 

As a user Juan wants to make a payment successfully on the exito application
----------------------------------------------------------------------
]]></system-err>
</testsuite>
